#
# A fatal error has been detected by the Java Runtime Environment:
#
#  EXCEPTION_ACCESS_VIOLATION (0xc0000005) at pc=0x00007ffaf4b3fb5e, pid=8020, tid=0x0000000000001990
#
# JRE version: Java(TM) SE Runtime Environment (8.0_131-b11) (build 1.8.0_131-b11)
# Java VM: Java HotSpot(TM) 64-Bit Server VM (25.131-b11 mixed mode windows-amd64 compressed oops)
# Problematic frame:
# C  [amdocl64.dll+0x1b5fb5e]
#
# Failed to write core dump. Minidumps are not enabled by default on client versions of Windows
#
# If you would like to submit a bug report, please visit:
#   http://bugreport.java.com/bugreport/crash.jsp
# The crash happened outside the Java Virtual Machine in native code.
# See problematic frame for where to report the bug.
#

---------------  T H R E A D  ---------------

Current thread (0x000000002b3db800):  JavaThread "pool-1-thread-1" [_thread_in_native, id=6544, stack(0x00000000357c0000,0x00000000358c0000)]

siginfo: ExceptionCode=0xc0000005, reading address 0xffffffffffffffb8

Registers:
RAX=0x00000000307b1eb8, RBX=0x00000000306b2d20, RCX=0x0000000000000003, RDX=0x00000000307b1eb8
RSP=0x00000000358bcd60, RBP=0x00000000358bce60, RSI=0x00000000306b2500, RDI=0x0000000000000000
R8 =0x00000000358bcdd0, R9 =0x0000000000000000, R10=0x00000000358bcdf8, R11=0x00000000358bcd08
R12=0x0000000000000000, R13=0x0000000030698f60, R14=0x0000000200004040, R15=0x0000000000008000
RIP=0x00007ffaf4b3fb5e, EFLAGS=0x0000000000010202

Top of Stack: (sp=0x00000000358bcd60)
0x00000000358bcd60:   000000002ca191b8 000000002ca191b8
0x00000000358bcd70:   00000000358bcdd0 000000002ca191b8
0x00000000358bcd80:   0000000030698d30 00000000358bcdf8
0x00000000358bcd90:   0000000030698dd0 00000000358bcdf0
0x00000000358bcda0:   0000000000000001 0000000000000000
0x00000000358bcdb0:   00000000358bcdd0 00000000358bcdd0
0x00000000358bcdc0:   0000000500000010 0000000000000000
0x00000000358bcdd0:   0000000030698dd0 0000000030698d30
0x00000000358bcde0:   0000000030698f60 0000000030698e70
0x00000000358bcdf0:   000000003068feb0 0000000000000000
0x00000000358bce00:   000000002ca1a7a8 00007ffaf4b02c02
0x00000000358bce10:   000000003068f190 0000000000000000
0x00000000358bce20:   0000000000000000 0000000000000000
0x00000000358bce30:   000000002c82ac98 0000000030950500
0x00000000358bce40:   00000000358bcf30 00007ffaf4b3fc26
0x00000000358bce50:   0000000030699780 00000000306991a0 

Instructions: (pc=0x00007ffaf4b3fb5e)
0x00007ffaf4b3fb3e:   1f 00 4d 85 ed 74 74 49 8b cd e8 53 1a 20 00 0f
0x00007ffaf4b3fb4e:   b6 48 18 83 e9 17 49 8b fc 83 f9 02 48 0f 44 f8
0x00007ffaf4b3fb5e:   48 8b 5f b8 0f b6 43 18 3c 17 72 3d 0f b6 c0 83
0x00007ffaf4b3fb6e:   e8 4a 83 f8 01 77 32 0f b7 4b 1a 0f ba f1 0f 83 


Register to memory mapping:

RAX=0x00000000307b1eb8 is an unknown value
RBX=0x00000000306b2d20 is an unknown value
RCX=0x0000000000000003 is an unknown value
RDX=0x00000000307b1eb8 is an unknown value
RSP=0x00000000358bcd60 is pointing into the stack for thread: 0x000000002b3db800
RBP=0x00000000358bce60 is pointing into the stack for thread: 0x000000002b3db800
RSI=0x00000000306b2500 is an unknown value
RDI=0x0000000000000000 is an unknown value
R8 =0x00000000358bcdd0 is pointing into the stack for thread: 0x000000002b3db800
R9 =0x0000000000000000 is an unknown value
R10=0x00000000358bcdf8 is pointing into the stack for thread: 0x000000002b3db800
R11=0x00000000358bcd08 is pointing into the stack for thread: 0x000000002b3db800
R12=0x0000000000000000 is an unknown value
R13=0x0000000030698f60 is an unknown value
R14=0x0000000200004040 is an unknown value
R15=0x0000000000008000 is an unknown value


Stack: [0x00000000357c0000,0x00000000358c0000],  sp=0x00000000358bcd60,  free space=1011k
Native frames: (J=compiled Java code, j=interpreted, Vv=VM code, C=native code)
C  [amdocl64.dll+0x1b5fb5e]
C  [amdocl64.dll+0x1b5ff37]
C  [amdocl64.dll+0x1b5f3e6]
C  [amdocl64.dll+0x19ce838]
C  [amdocl64.dll+0x1d1e565]
C  [amdocl64.dll+0x1d1e69b]
C  [amdocl64.dll+0x1d1e909]
C  [amdocl64.dll+0x1d1e081]
C  [amdocl64.dll+0x8017a1]
C  [amdocl64.dll+0x8003f8]
C  [amdocl64.dll+0x7f4508]
C  [amdocl64.dll+0x7f76b6]
C  [amdocl64.dll+0x7f8c18]
C  [amdocl64.dll+0x7d7317]
C  [amdocl64.dll+0x2474d6]
C  [amdocl64.dll+0x1f7861]
C  [amdocl64.dll+0x208733]
C  [amdocl64.dll+0x1e734e]
C  [libaparapi_x86_647856435115086795839.dll+0x4c5b]
C  [libaparapi_x86_647856435115086795839.dll+0xeba6]
C  0x0000000003327934

Java frames: (J=compiled Java code, j=interpreted, Vv=VM code)
j  com.aparapi.internal.jni.KernelRunnerJNI.buildProgramJNI(JLjava/lang/String;Ljava/lang/String;)J+0
j  com.aparapi.internal.kernel.KernelRunner.executeInternalInner(Lcom/aparapi/internal/kernel/KernelRunner$ExecutionSettings;)Lcom/aparapi/Kernel;+1361
j  com.aparapi.internal.kernel.KernelRunner.executeInternalOuter(Lcom/aparapi/internal/kernel/KernelRunner$ExecutionSettings;)Lcom/aparapi/Kernel;+2
j  com.aparapi.internal.kernel.KernelRunner.execute(Ljava/lang/String;Lcom/aparapi/Range;I)Lcom/aparapi/Kernel;+84
j  com.aparapi.Kernel.execute(Ljava/lang/String;Lcom/aparapi/Range;I)Lcom/aparapi/Kernel;+7
j  com.aparapi.Kernel.execute(Lcom/aparapi/Range;I)Lcom/aparapi/Kernel;+5
j  com.aparapi.Kernel.execute(I)Lcom/aparapi/Kernel;+7
j  com.bloc97.infinisim.OpenCL.IntegratorOpenCLKernel.execute()V+33
j  com.bloc97.infinisim.OpenCL.IntegratorOpenCLKernel.integrate(Lcom/bloc97/infinisim/NBody/Integrators$IntegratorType;Lcom/bloc97/infinisim/NBody/Optimisers$OptimiserType;Lcom/bloc97/infinisim/NBody/Equations$EquationType;Ljava/util/Collection;DI)V+35
j  com.bloc97.infinisim.NBody.Integrators.integrate(Lcom/bloc97/infinisim/NBody/Integrators$IntegratorType;Lcom/bloc97/infinisim/NBody/Optimisers$OptimiserType;Lcom/bloc97/infinisim/NBody/Equations$EquationType;Ljava/util/Set;DIZ)V+16
j  com.bloc97.infinisim.NBody.NBodySimulation.update()V+52
j  com.bloc97.infinisim.RealTimeSimulation.run()V+15
j  java.util.concurrent.Executors$RunnableAdapter.call()Ljava/lang/Object;+4
j  java.util.concurrent.FutureTask.run()V+42
j  java.util.concurrent.ThreadPoolExecutor.runWorker(Ljava/util/concurrent/ThreadPoolExecutor$Worker;)V+95
j  java.util.concurrent.ThreadPoolExecutor$Worker.run()V+5
j  java.lang.Thread.run()V+11
v  ~StubRoutines::call_stub

---------------  P R O C E S S  ---------------

Java Threads: ( => current thread )
  0x000000002b535000 JavaThread "D3D Screen Updater" daemon [_thread_blocked, id=3184, stack(0x0000000035cd0000,0x0000000035dd0000)]
  0x0000000003210800 JavaThread "DestroyJavaVM" [_thread_blocked, id=784, stack(0x0000000003110000,0x0000000003210000)]
  0x000000002b525800 JavaThread "Thread-1" [_thread_blocked, id=3172, stack(0x0000000035bd0000,0x0000000035cd0000)]
  0x000000002b3dc800 JavaThread "AWT-EventQueue-0" [_thread_blocked, id=6596, stack(0x00000000358c0000,0x00000000359c0000)]
=>0x000000002b3db800 JavaThread "pool-1-thread-1" [_thread_in_native, id=6544, stack(0x00000000357c0000,0x00000000358c0000)]
  0x000000002b38f000 JavaThread "AWT-Windows" daemon [_thread_in_native, id=9104, stack(0x000000002bc40000,0x000000002bd40000)]
  0x000000002b38c000 JavaThread "AWT-Shutdown" [_thread_blocked, id=10140, stack(0x000000002bb40000,0x000000002bc40000)]
  0x000000002b38b800 JavaThread "Java2D Disposer" daemon [_thread_blocked, id=9300, stack(0x000000002b9c0000,0x000000002bac0000)]
  0x000000002835d800 JavaThread "Service Thread" daemon [_thread_blocked, id=5260, stack(0x000000002abe0000,0x000000002ace0000)]
  0x00000000282ef000 JavaThread "C1 CompilerThread11" daemon [_thread_blocked, id=9840, stack(0x000000002aae0000,0x000000002abe0000)]
  0x00000000282ef800 JavaThread "C1 CompilerThread10" daemon [_thread_blocked, id=11640, stack(0x000000002a9e0000,0x000000002aae0000)]
  0x00000000282ac000 JavaThread "C1 CompilerThread9" daemon [_thread_blocked, id=8016, stack(0x000000002a7e0000,0x000000002a8e0000)]
  0x00000000282a7000 JavaThread "C1 CompilerThread8" daemon [_thread_blocked, id=10024, stack(0x000000002a6e0000,0x000000002a7e0000)]
  0x00000000282a6800 JavaThread "C2 CompilerThread7" daemon [_thread_blocked, id=10068, stack(0x000000002a5e0000,0x000000002a6e0000)]
  0x0000000028293000 JavaThread "C2 CompilerThread6" daemon [_thread_blocked, id=11384, stack(0x000000002a4e0000,0x000000002a5e0000)]
  0x0000000028292800 JavaThread "C2 CompilerThread5" daemon [_thread_blocked, id=3468, stack(0x000000002a3e0000,0x000000002a4e0000)]
  0x0000000028291800 JavaThread "C2 CompilerThread4" daemon [_thread_blocked, id=7592, stack(0x000000002a2e0000,0x000000002a3e0000)]
  0x0000000028291000 JavaThread "C2 CompilerThread3" daemon [_thread_blocked, id=9708, stack(0x000000002a1e0000,0x000000002a2e0000)]
  0x0000000028290000 JavaThread "C2 CompilerThread2" daemon [_thread_blocked, id=8372, stack(0x000000002a0e0000,0x000000002a1e0000)]
  0x000000002828d800 JavaThread "C2 CompilerThread1" daemon [_thread_blocked, id=10308, stack(0x0000000029fe0000,0x000000002a0e0000)]
  0x000000002828a800 JavaThread "C2 CompilerThread0" daemon [_thread_blocked, id=4560, stack(0x0000000029ee0000,0x0000000029fe0000)]
  0x000000002828a000 JavaThread "Attach Listener" daemon [_thread_blocked, id=10740, stack(0x0000000029de0000,0x0000000029ee0000)]
  0x0000000028285800 JavaThread "Signal Dispatcher" daemon [_thread_blocked, id=3548, stack(0x0000000029ce0000,0x0000000029de0000)]
  0x0000000026813000 JavaThread "Finalizer" daemon [_thread_blocked, id=10456, stack(0x0000000029af0000,0x0000000029bf0000)]
  0x0000000026809800 JavaThread "Reference Handler" daemon [_thread_blocked, id=8012, stack(0x00000000299f0000,0x0000000029af0000)]

Other Threads:
  0x000000000330e800 VMThread [stack: 0x00000000298f0000,0x00000000299f0000] [id=7284]
  0x0000000028365000 WatcherThread [stack: 0x000000002ace0000,0x000000002ade0000] [id=4896]

VM state:not at safepoint (normal execution)

VM Mutex/Monitor currently owned by a thread: None

Heap:
 PSYoungGen      total 153088K, used 121063K [0x0000000715980000, 0x0000000720400000, 0x00000007c0000000)
  eden space 131584K, 92% used [0x0000000715980000,0x000000071cfb9d80,0x000000071da00000)
  from space 21504K, 0% used [0x000000071ef00000,0x000000071ef00000,0x0000000720400000)
  to   space 21504K, 0% used [0x000000071da00000,0x000000071da00000,0x000000071ef00000)
 ParOldGen       total 349696K, used 0K [0x00000005c0c00000, 0x00000005d6180000, 0x0000000715980000)
  object space 349696K, 0% used [0x00000005c0c00000,0x00000005c0c00000,0x00000005d6180000)
 Metaspace       used 12949K, capacity 13164K, committed 13312K, reserved 1060864K
  class space    used 1692K, capacity 1774K, committed 1792K, reserved 1048576K

Card table byte_map: [0x00000000126d0000,0x00000000136d0000] byte_map_base: 0x000000000f8ca000

Marking Bits: (ParMarkBitMap*) 0x00000000674cc720
 Begin Bits: [0x0000000014e80000, 0x000000001ce50000)
 End Bits:   [0x000000001ce50000, 0x0000000024e20000)

Polling page: 0x0000000001780000

CodeCache: size=245760Kb used=6047Kb max_used=6047Kb free=239713Kb
 bounds [0x0000000003310000, 0x0000000003900000, 0x0000000012310000]
 total_blobs=1777 nmethods=1268 adapters=420
 compilation: enabled

Compilation events (10 events):
Event: 0.701 Thread 0x00000000282ef800 nmethod 1256 0x00000000038f4dd0 code [0x00000000038f4f20, 0x00000000038f5030]
Event: 0.701 Thread 0x00000000282ac000 nmethod 1257 0x00000000038f5090 code [0x00000000038f51e0, 0x00000000038f52f0]
Event: 0.701 Thread 0x00000000282a7000 nmethod 1254 0x00000000038f5350 code [0x00000000038f54a0, 0x00000000038f55b0]
Event: 0.703 Thread 0x000000002828a800 nmethod 1250 0x00000000038f84d0 code [0x00000000038f8620, 0x00000000038f88f8]
Event: 0.707 Thread 0x00000000282ac000 1260   !   3       sun.awt.PostEventQueue::flush (168 bytes)
Event: 0.707 Thread 0x00000000282a7000 1259       3       sun.awt.SunToolkit::flushPendingEvents (19 bytes)
Event: 0.707 Thread 0x00000000282a7000 nmethod 1259 0x00000000038f7b50 code [0x00000000038f7ce0, 0x00000000038f8038]
Event: 0.708 Thread 0x00000000282ac000 nmethod 1260 0x00000000038f5fd0 code [0x00000000038f6220, 0x00000000038f7368]
Event: 0.708 Thread 0x00000000282ac000 1261       3       java.awt.EventQueue::eventToCacheIndex (80 bytes)
Event: 0.708 Thread 0x00000000282ac000 nmethod 1261 0x00000000038f58d0 code [0x00000000038f5a40, 0x00000000038f5f10]

GC Heap History (0 events):
No events

Deoptimization events (3 events):
Event: 0.294 Thread 0x000000002b3db800 Uncommon trap: reason=unstable_if action=reinterpret pc=0x000000000368b374 method=java.lang.String.indexOf([CII[CIII)I @ 3
Event: 0.386 Thread 0x000000002b3dc800 Uncommon trap: reason=unstable_if action=reinterpret pc=0x000000000375dac8 method=sun.java2d.pipe.BufferedRenderPipe$BufferedDrawHandler.drawScanline(III)V @ 4
Event: 0.494 Thread 0x000000002b3db800 Uncommon trap: reason=unstable_if action=reinterpret pc=0x00000000036f7134 method=com.bloc97.uvector.Vector2.get(I)D @ 6

Internal exceptions (10 events):
Event: 0.027 Thread 0x0000000003210800 Exception <a 'java/lang/NoSuchMethodError': Method sun.misc.Unsafe.defineClass(Ljava/lang/String;[BII)Ljava/lang/Class; name or signature does not match> (0x0000000715987ca8) thrown at [C:\re\workspace\8-2-build-windows-amd64-cygwin\jdk8u131\8869\hotspot\
Event: 0.027 Thread 0x0000000003210800 Exception <a 'java/lang/NoSuchMethodError': Method sun.misc.Unsafe.prefetchRead(Ljava/lang/Object;J)V name or signature does not match> (0x0000000715987f90) thrown at [C:\re\workspace\8-2-build-windows-amd64-cygwin\jdk8u131\8869\hotspot\src\share\vm\prims
Event: 0.077 Thread 0x0000000003210800 Exception <a 'java/security/PrivilegedActionException'> (0x0000000715a10718) thrown at [C:\re\workspace\8-2-build-windows-amd64-cygwin\jdk8u131\8869\hotspot\src\share\vm\prims\jvm.cpp, line 1390]
Event: 0.077 Thread 0x0000000003210800 Exception <a 'java/security/PrivilegedActionException'> (0x0000000715a10928) thrown at [C:\re\workspace\8-2-build-windows-amd64-cygwin\jdk8u131\8869\hotspot\src\share\vm\prims\jvm.cpp, line 1390]
Event: 0.078 Thread 0x0000000003210800 Exception <a 'java/security/PrivilegedActionException'> (0x0000000715a14a20) thrown at [C:\re\workspace\8-2-build-windows-amd64-cygwin\jdk8u131\8869\hotspot\src\share\vm\prims\jvm.cpp, line 1390]
Event: 0.078 Thread 0x0000000003210800 Exception <a 'java/security/PrivilegedActionException'> (0x0000000715a14c30) thrown at [C:\re\workspace\8-2-build-windows-amd64-cygwin\jdk8u131\8869\hotspot\src\share\vm\prims\jvm.cpp, line 1390]
Event: 0.085 Thread 0x0000000003210800 Exception <a 'java/io/FileNotFoundException'> (0x0000000715a24138) thrown at [C:\re\workspace\8-2-build-windows-amd64-cygwin\jdk8u131\8869\hotspot\src\share\vm\prims\jni.cpp, line 709]
Event: 0.113 Thread 0x0000000003210800 Exception <a 'java/lang/NoSuchFieldError': method resolution failed> (0x0000000715af1720) thrown at [C:\re\workspace\8-2-build-windows-amd64-cygwin\jdk8u131\8869\hotspot\src\share\vm\prims\methodHandles.cpp, line 1146]
Event: 0.115 Thread 0x0000000003210800 Exception <a 'java/lang/NoSuchFieldError': method resolution failed> (0x0000000715afeac0) thrown at [C:\re\workspace\8-2-build-windows-amd64-cygwin\jdk8u131\8869\hotspot\src\share\vm\prims\methodHandles.cpp, line 1146]
Event: 0.140 Thread 0x0000000003210800 Exception <a 'java/io/FileNotFoundException'> (0x0000000715b87828) thrown at [C:\re\workspace\8-2-build-windows-amd64-cygwin\jdk8u131\8869\hotspot\src\share\vm\prims\jni.cpp, line 709]

Events (10 events):
Event: 0.671 loading class com/aparapi/internal/model/Optional$Some
Event: 0.671 loading class com/aparapi/internal/model/Optional$Some done
Event: 0.671 loading class java/util/Vector$Itr
Event: 0.672 loading class java/util/Vector$Itr done
Event: 0.672 loading class com/aparapi/internal/model/ClassModel$Access
Event: 0.672 loading class com/aparapi/internal/model/ClassModel$Access done
Event: 0.673 loading class com/aparapi/internal/writer/BlockWriter$1
Event: 0.673 loading class com/aparapi/internal/writer/BlockWriter$1 done
Event: 0.673 Thread 0x000000002b3db800 DEOPT PACKING pc=0x00000000037860d3 sp=0x00000000358bc0e0
Event: 0.673 Thread 0x000000002b3db800 DEOPT UNPACKING pc=0x000000000335747f sp=0x00000000358bbe10 mode 0


Dynamic libraries:
0x00007ff7175d0000 - 0x00007ff717607000 	C:\Program Files\Java\jdk1.8.0_131\bin\java.exe
0x00007ffb2a1a0000 - 0x00007ffb2a37b000 	C:\Windows\SYSTEM32\ntdll.dll
0x00007ffb28120000 - 0x00007ffb281ce000 	C:\Windows\System32\KERNEL32.DLL
0x00007ffb269b0000 - 0x00007ffb26bf9000 	C:\Windows\System32\KERNELBASE.dll
0x00007ffb281d0000 - 0x00007ffb28271000 	C:\Windows\System32\ADVAPI32.dll
0x00007ffb27a40000 - 0x00007ffb27add000 	C:\Windows\System32\msvcrt.dll
0x00007ffb283b0000 - 0x00007ffb28409000 	C:\Windows\System32\sechost.dll
0x00007ffb27700000 - 0x00007ffb27825000 	C:\Windows\System32\RPCRT4.dll
0x00007ffb29dd0000 - 0x00007ffb29f1a000 	C:\Windows\System32\USER32.dll
0x00007ffb267c0000 - 0x00007ffb267de000 	C:\Windows\System32\win32u.dll
0x00007ffb27f50000 - 0x00007ffb27f77000 	C:\Windows\System32\GDI32.dll
0x00007ffb274d0000 - 0x00007ffb27658000 	C:\Windows\System32\gdi32full.dll
0x00007ffb27660000 - 0x00007ffb276fa000 	C:\Windows\System32\msvcp_win.dll
0x00007ffb26840000 - 0x00007ffb26936000 	C:\Windows\System32\ucrtbase.dll
0x00007ffb1c370000 - 0x00007ffb1c5d7000 	C:\Windows\WinSxS\amd64_microsoft.windows.common-controls_6595b64144ccf1df_6.0.15063.483_none_26002d27e7c744a2\COMCTL32.dll
0x00007ffb28520000 - 0x00007ffb28819000 	C:\Windows\System32\combase.dll
0x00007ffb26940000 - 0x00007ffb269aa000 	C:\Windows\System32\bcryptPrimitives.dll
0x00007ffb27f20000 - 0x00007ffb27f4d000 	C:\Windows\System32\IMM32.DLL
0x0000000066bd0000 - 0x0000000066ca2000 	C:\Program Files\Java\jdk1.8.0_131\jre\bin\msvcr100.dll
0x0000000066cb0000 - 0x000000006754c000 	C:\Program Files\Java\jdk1.8.0_131\jre\bin\server\jvm.dll
0x00007ffb29f20000 - 0x00007ffb29f28000 	C:\Windows\System32\PSAPI.DLL
0x00007ffb21b50000 - 0x00007ffb21b5a000 	C:\Windows\SYSTEM32\VERSION.dll
0x00007ffb24730000 - 0x00007ffb24753000 	C:\Windows\SYSTEM32\WINMM.dll
0x00007ffb1c330000 - 0x00007ffb1c339000 	C:\Windows\SYSTEM32\WSOCK32.dll
0x00007ffb282e0000 - 0x00007ffb2834c000 	C:\Windows\System32\WS2_32.dll
0x00007ffb245d0000 - 0x00007ffb245fb000 	C:\Windows\SYSTEM32\winmmbase.dll
0x00007ffb266c0000 - 0x00007ffb26709000 	C:\Windows\System32\cfgmgr32.dll
0x0000000066b80000 - 0x0000000066b8f000 	C:\Program Files\Java\jdk1.8.0_131\jre\bin\verify.dll
0x0000000066b50000 - 0x0000000066b79000 	C:\Program Files\Java\jdk1.8.0_131\jre\bin\java.dll
0x0000000066b30000 - 0x0000000066b46000 	C:\Program Files\Java\jdk1.8.0_131\jre\bin\zip.dll
0x00007ffb288c0000 - 0x00007ffb29cf7000 	C:\Windows\System32\SHELL32.dll
0x00007ffb2a0e0000 - 0x00007ffb2a18a000 	C:\Windows\System32\shcore.dll
0x00007ffb26dd0000 - 0x00007ffb274c2000 	C:\Windows\System32\windows.storage.dll
0x00007ffb28280000 - 0x00007ffb282d1000 	C:\Windows\System32\shlwapi.dll
0x00007ffb26630000 - 0x00007ffb26641000 	C:\Windows\System32\kernel.appcore.dll
0x00007ffb26670000 - 0x00007ffb266bc000 	C:\Windows\System32\powrprof.dll
0x00007ffb26650000 - 0x00007ffb26665000 	C:\Windows\System32\profapi.dll
0x0000000066950000 - 0x0000000066ae8000 	C:\Program Files\Java\jdk1.8.0_131\jre\bin\awt.dll
0x00007ffb29d10000 - 0x00007ffb29dd0000 	C:\Windows\System32\OLEAUT32.dll
0x00007ffb24be0000 - 0x00007ffb24c5e000 	C:\Windows\SYSTEM32\apphelp.dll
0x00007ffb23340000 - 0x00007ffb2336a000 	C:\Windows\system32\DWMAPI.DLL
0x00007ffb24d20000 - 0x00007ffb24db5000 	C:\Windows\system32\uxtheme.dll
0x00007ffb02250000 - 0x00007ffb02371000 	C:\Windows\system32\opengl32.dll
0x00007ffb02220000 - 0x00007ffb0224c000 	C:\Windows\SYSTEM32\GLU32.dll
0x00007ffb278d0000 - 0x00007ffb27a36000 	C:\Windows\System32\MSCTF.dll
0x00007ffb29f90000 - 0x00007ffb2a0d5000 	C:\Windows\System32\ole32.dll
0x00007ffb11790000 - 0x00007ffb11919000 	C:\Windows\system32\d3d9.dll
0x00007ffb21b60000 - 0x00007ffb21cf6000 	C:\Windows\System32\DriverStore\FileRepository\c0315159.inf_amd64_b01c1e8cccf04a67\aticfx64.dll
0x00007ffb19ff0000 - 0x00007ffb1a022000 	C:\Windows\System32\DriverStore\FileRepository\c0315159.inf_amd64_b01c1e8cccf04a67\atiu9p64.dll
0x00007ffaf68b0000 - 0x00007ffaf71e6000 	C:\Windows\System32\DriverStore\FileRepository\c0315159.inf_amd64_b01c1e8cccf04a67\atiumd64.dll
0x0000000069f60000 - 0x000000006ad87000 	C:\Windows\System32\DriverStore\FileRepository\c0315159.inf_amd64_b01c1e8cccf04a67\atiumd6a.dll
0x0000000066900000 - 0x0000000066947000 	C:\Program Files\Java\jdk1.8.0_131\jre\bin\fontmanager.dll
0x00007ffb1f440000 - 0x00007ffb1f4c2000 	C:\Windows\System32\TextInputFramework.dll
0x00007ffb22260000 - 0x00007ffb22532000 	C:\Windows\System32\CoreUIComponents.dll
0x00007ffb243a0000 - 0x00007ffb24483000 	C:\Windows\System32\CoreMessaging.dll
0x00007ffb25970000 - 0x00007ffb259a1000 	C:\Windows\SYSTEM32\ntmarta.dll
0x00007ffb228f0000 - 0x00007ffb22a29000 	C:\Windows\SYSTEM32\wintypes.dll
0x00007ffb23600000 - 0x00007ffb23615000 	C:\Windows\SYSTEM32\usermgrcli.dll
0x00007ffb260c0000 - 0x00007ffb260d7000 	C:\Windows\SYSTEM32\CRYPTSP.dll
0x00007ffb25b40000 - 0x00007ffb25b74000 	C:\Windows\system32\rsaenh.dll
0x00007ffb261d0000 - 0x00007ffb261f5000 	C:\Windows\SYSTEM32\bcrypt.dll
0x00007ffb26510000 - 0x00007ffb26539000 	C:\Windows\SYSTEM32\USERENV.dll
0x00007ffb260e0000 - 0x00007ffb260eb000 	C:\Windows\SYSTEM32\CRYPTBASE.dll
0x0000000066b10000 - 0x0000000066b2a000 	C:\Program Files\Java\jdk1.8.0_131\jre\bin\net.dll
0x00007ffb25f20000 - 0x00007ffb25f7c000 	C:\Windows\system32\mswsock.dll
0x00007ffb25cc0000 - 0x00007ffb25cf7000 	C:\Windows\SYSTEM32\IPHLPAPI.DLL
0x00007ffb2a190000 - 0x00007ffb2a198000 	C:\Windows\System32\NSI.dll
0x00007ffb22230000 - 0x00007ffb22246000 	C:\Windows\SYSTEM32\dhcpcsvc6.DLL
0x00007ffb22210000 - 0x00007ffb2222a000 	C:\Windows\SYSTEM32\dhcpcsvc.DLL
0x0000000066af0000 - 0x0000000066b01000 	C:\Program Files\Java\jdk1.8.0_131\jre\bin\nio.dll
0x00000000668b0000 - 0x00000000668f2000 	C:\Program Files\Java\jdk1.8.0_131\jre\bin\t2k.dll
0x00007ffb23100000 - 0x00007ffb23126000 	C:\Users\bowen\AppData\Local\Temp\libaparapi_x86_647856435115086795839.dll
0x00007ffb24570000 - 0x00007ffb2458e000 	C:\Windows\SYSTEM32\OpenCL.dll
0x00007ffb11b20000 - 0x00007ffb11bc7000 	C:\Windows\SYSTEM32\MSVCP110.dll
0x00007ffb11a40000 - 0x00007ffb11b14000 	C:\Windows\SYSTEM32\MSVCR110.dll
0x00007ffaf2fe0000 - 0x00007ffaf68a9000 	C:\Windows\System32\DriverStore\FileRepository\c0315159.inf_amd64_b01c1e8cccf04a67\amdocl64.dll
0x00007ffb27ae0000 - 0x00007ffb27f1b000 	C:\Windows\System32\SETUPAPI.dll
0x00007ffb18c50000 - 0x00007ffb18dcd000 	C:\Windows\SYSTEM32\atiadlxx.DLL
0x00007ffb231a0000 - 0x00007ffb231b3000 	C:\Windows\SYSTEM32\WTSAPI32.dll
0x00007ffb23370000 - 0x00007ffb23506000 	C:\Windows\SYSTEM32\PROPSYS.dll
0x00007ffb25090000 - 0x00007ffb250b8000 	C:\Windows\SYSTEM32\DEVOBJ.dll
0x00007ffb267e0000 - 0x00007ffb26836000 	C:\Windows\System32\WINTRUST.dll
0x00007ffb26610000 - 0x00007ffb26621000 	C:\Windows\System32\MSASN1.dll
0x00007ffb26c00000 - 0x00007ffb26dc9000 	C:\Windows\System32\CRYPT32.dll
0x00007ffb02e70000 - 0x00007ffb02ead000 	C:\Windows\System32\DriverStore\FileRepository\c0315159.inf_amd64_b01c1e8cccf04a67\atig6txx.dll
0x00007ffaf13d0000 - 0x00007ffaf2fdd000 	C:\Windows\System32\DriverStore\FileRepository\c0315159.inf_amd64_b01c1e8cccf04a67\amdocl12cl64.dll
0x00007ffb19e20000 - 0x00007ffb19fc9000 	C:\Windows\SYSTEM32\dbghelp.dll

VM Arguments:
java_command: com.bloc97.infiniview.SpaceGame.Main
java_class_path (initial): C:\Users\bowen\Documents\GitHub\InfiniViewEngine\InfiniView\target\classes;C:\Users\bowen\Documents\GitHub\InfiniViewEngine\uVector\target\classes;C:\Users\bowen\Documents\GitHub\InfiniViewEngine\InfiniSim\target\classes;C:\Users\bowen\.m2\repository\com\aparapi\aparapi\1.3.4\aparapi-1.3.4.jar;C:\Users\bowen\.m2\repository\com\aparapi\aparapi-jni\1.1.2\aparapi-jni-1.1.2.jar
Launcher Type: SUN_STANDARD

Environment Variables:
JAVA_HOME=C:\Program Files\Java\jdk1.8.0_131
PATH=C:\ProgramData\Oracle\Java\javapath;C:\Program Files (x86)\NVIDIA Corporation\PhysX\Common;C:\Windows\system32;C:\Windows;C:\Windows\System32\Wbem;C:\Windows\System32\WindowsPowerShell\v1.0\;D:\Program Files\PuTTY\;C:\Users\bowen\AppData\Local\Microsoft\WindowsApps;
USERNAME=bowen
OS=Windows_NT
PROCESSOR_IDENTIFIER=AMD64 Family 23 Model 1 Stepping 1, AuthenticAMD



---------------  S Y S T E M  ---------------

OS: Windows 10.0 , 64 bit Build 15063 (10.0.15063.296)

CPU:total 16 (initial active 16) (16 cores per cpu, 1 threads per core) family 23 model 1 stepping 1, cmov, cx8, fxsr, mmx, sse, sse2, sse3, ssse3, sse4.1, sse4.2, popcnt, avx, avx2, aes, clmul, mmxext, 3dnowpref, lzcnt, sse4a, tsc, tscinvbit, tscinv, bmi1

Memory: 4k page, physical 33504232k(28353572k free), swap 35601384k(28040692k free)

vm_info: Java HotSpot(TM) 64-Bit Server VM (25.131-b11) for windows-amd64 JRE (1.8.0_131-b11), built on Mar 15 2017 01:23:53 by "java_re" with MS VC++ 10.0 (VS2010)

time: Fri Jul 21 12:01:41 2017
elapsed time: 0 seconds (0d 0h 0m 0s)

